<?xml version="1.0" encoding="UTF-8"?>
<!-- Generated by org.testng.reporters.JUnitReportReporter -->
<testsuite hostname="BCTCL-DL5420143" failures="0" tests="12" name="testcases.Alerts" time="30.434" errors="0" timestamp="2022-03-18T17:58:54 IST" skipped="0">
  <testcase classname="testcases.Alerts" name="alert_getAllThreshold" time="4.292"/>
  <system-out/>
  <testcase classname="testcases.Alerts" name="alert_thresholdbyId" time="2.688"/>
  <system-out/>
  <testcase classname="testcases.Alerts" name="alert_getRemainderDaysusingParamId" time="2.077"/>
  <system-out/>
  <testcase classname="testcases.Alerts" name="deleteOAuthToken" time="2.154"/>
  <system-out/>
  <testcase classname="testcases.Alerts" name="alerts_DeleteThreshold" time="2.080"/>
  <system-out/>
  <testcase classname="testcases.Alerts" name="alert_submitAlert" time="2.136"/>
  <system-out/>
  <testcase classname="testcases.Alerts" name="alert_getdropdownvaluesusingparam" time="2.366"/>
  <system-out/>
  <testcase classname="testcases.Alerts" name="alerts_UpdateThreshold" time="2.003"/>
  <system-out/>
  <testcase classname="testcases.Alerts" name="alert_getRemainderDays" time="2.218"/>
  <system-out/>
  <testcase classname="testcases.Alerts" name="alerts_AddNewThreshold" time="4.345"/>
  <system-out/>
  <testcase classname="testcases.Alerts" name="alerts_Updateparams" time="2.078"/>
  <system-out/>
  <testcase classname="testcases.Alerts" name="alerts_Welcome" time="1.997"/>
  <system-out/>
</testsuite> <!-- testcases.Alerts -->
