<?xml version="1.0" encoding="UTF-8"?>
<!-- Generated by org.testng.reporters.JUnitReportReporter -->
<testsuite hostname="BCTCL-DL5420143" failures="0" tests="23" name="testcases.UserManagement" time="91.602" errors="0" timestamp="2022-03-25T09:25:15 IST" skipped="0">
  <testcase classname="testcases.UserManagement" name="notification_Preferences" time="3.906"/>
  <system-out/>
  <testcase classname="testcases.UserManagement" name="usermanagement_getWelcomemsgs" time="2.701"/>
  <system-out/>
  <testcase classname="testcases.UserManagement" name="usermanagement_ldap" time="2.414"/>
  <system-out/>
  <testcase classname="testcases.UserManagement" name="usermanagement_changepassword" time="3.421"/>
  <system-out/>
  <testcase classname="testcases.UserManagement" name="usermanagement_getdbdetails" time="2.918"/>
  <system-out/>
  <testcase classname="testcases.UserManagement" name="usermanagement_forgotpassword" time="3.440"/>
  <system-out/>
  <testcase classname="testcases.UserManagement" name="usermanagement_resetpassword" time="4.482"/>
  <system-out/>
  <testcase classname="testcases.UserManagement" name="authType" time="4.494"/>
  <system-out/>
  <testcase classname="testcases.UserManagement" name="usermanagement_getMenudetails" time="3.178"/>
  <system-out/>
  <testcase classname="testcases.UserManagement" name="getGroupDetails" time="8.435"/>
  <system-out/>
  <testcase classname="testcases.UserManagement" name="userDetailsOnPageLoadAPI" time="11.010"/>
  <system-out/>
  <testcase classname="testcases.UserManagement" name="usermanagement_getuserdetails" time="5.823"/>
  <system-out/>
  <testcase classname="testcases.UserManagement" name="usermanagement_ldapupdate" time="2.443"/>
  <system-out/>
  <testcase classname="testcases.UserManagement" name="usermanagement_getldapdetails" time="2.920"/>
  <system-out/>
  <testcase classname="testcases.UserManagement" name="creatUserUsingGrade" time="3.320"/>
  <system-out/>
  <testcase classname="testcases.UserManagement" name="usermanagementPreferences" time="3.528"/>
  <system-out/>
  <testcase classname="testcases.UserManagement" name="usermanagement_databaseupdate" time="2.345"/>
  <system-out/>
  <testcase classname="testcases.UserManagement" name="usermanagement_createUser" time="3.617"/>
  <system-out/>
  <testcase classname="testcases.UserManagement" name="usermanagement_db" time="2.928"/>
  <system-out/>
  <testcase classname="testcases.UserManagement" name="usermanagement_updateUserdetails" time="4.234"/>
  <system-out/>
  <testcase classname="testcases.UserManagement" name="usermanagement_updateauthdetails" time="2.401"/>
  <system-out/>
  <testcase classname="testcases.UserManagement" name="usermanagement_getalluserdetails" time="4.581"/>
  <system-out/>
  <testcase classname="testcases.UserManagement" name="usermanagement_insertauthdetails" time="3.063"/>
  <system-out/>
</testsuite> <!-- testcases.UserManagement -->
