<?xml version="1.0" encoding="UTF-8"?>
<!-- Generated by org.testng.reporters.JUnitReportReporter -->
<testsuite hostname="BCTCL-DL5420143" failures="0" tests="30" name="testcases.CRM" time="114.781" errors="0" timestamp="2022-03-11T09:56:49 IST" skipped="0">
  <testcase classname="testcases.CRM" name="crm_sanctioningAuthorities" time="3.162"/>
  <system-out/>
  <testcase classname="testcases.CRM" name="custinfobyname" time="0.094"/>
  <system-out/>
  <testcase classname="testcases.CRM" name="crm_Natureofsecurites" time="3.350"/>
  <system-out/>
  <testcase classname="testcases.CRM" name="crm_adhocsanctionsAccountno" time="3.480"/>
  <system-out/>
  <testcase classname="testcases.CRM" name="crm_businessactivites" time="3.036"/>
  <system-out/>
  <testcase classname="testcases.CRM" name="operations_scheduleall" time="0.080"/>
  <system-out/>
  <testcase classname="testcases.CRM" name="crm_assetclasses" time="3.133"/>
  <system-out/>
  <testcase classname="testcases.CRM" name="crm_constitutions" time="3.032"/>
  <system-out/>
  <testcase classname="testcases.CRM" name="crm_StockAuditReport" time="2.934"/>
  <system-out/>
  <testcase classname="testcases.CRM" name="crm_Customers" time="3.019"/>
  <system-out/>
  <testcase classname="testcases.CRM" name="crm_StatementofsundryDebtor" time="2.908"/>
  <system-out/>
  <testcase classname="testcases.CRM" name="listAccountTypes" time="0.131"/>
  <system-out/>
  <testcase classname="testcases.CRM" name="crm_sectors" time="3.147"/>
  <system-out/>
  <testcase classname="testcases.CRM" name="downloadreportfile" time="37.864"/>
  <system-out/>
  <testcase classname="testcases.CRM" name="crm_externalAgencyRatings" time="3.139"/>
  <system-out/>
  <testcase classname="testcases.CRM" name="crm_internalRatings" time="3.345"/>
  <system-out/>
  <testcase classname="testcases.CRM" name="crm_banks" time="4.037"/>
  <system-out/>
  <testcase classname="testcases.CRM" name="crm_getform" time="3.040"/>
  <system-out/>
  <testcase classname="testcases.CRM" name="listBanks" time="0.096"/>
  <system-out/>
  <testcase classname="testcases.CRM" name="reportingcustlistbyname" time="0.105"/>
  <system-out/>
  <testcase classname="testcases.CRM" name="crm_AccountNumbers" time="4.947"/>
  <system-out/>
  <testcase classname="testcases.CRM" name="crm_loggeduserdetails" time="3.038"/>
  <system-out/>
  <testcase classname="testcases.CRM" name="crm_AuditFinancialStatements" time="3.270"/>
  <system-out/>
  <testcase classname="testcases.CRM" name="operations_batchstatus" time="2.303"/>
  <system-out/>
  <testcase classname="testcases.CRM" name="crm_MSODfileupload" time="3.020"/>
  <system-out/>
  <testcase classname="testcases.CRM" name="crm_Welcome" time="2.707"/>
  <system-out/>
  <testcase classname="testcases.CRM" name="crm_QSIForm2fileupload" time="3.115"/>
  <system-out/>
  <testcase classname="testcases.CRM" name="crm_industries" time="3.350"/>
  <system-out/>
  <testcase classname="testcases.CRM" name="crm_chequefaviourings" time="2.981"/>
  <system-out/>
  <testcase classname="testcases.CRM" name="crm_Statementofsundrycreditors" time="2.918"/>
  <system-out/>
</testsuite> <!-- testcases.CRM -->
