<?xml version="1.0" encoding="UTF-8"?>
<!-- Generated by org.testng.reporters.JUnitReportReporter -->
<testsuite hostname="BCTCL-DL5420143" failures="0" tests="34" name="testcases.ApproveInherentRisk" time="117.248" errors="0" timestamp="2023-03-10T09:11:54 IST" skipped="0">
  <testcase classname="testcases.ApproveInherentRisk" name="vendorRegister_CreateSinglevendor" time="4.882"/>
  <system-out/>
  <testcase classname="testcases.ApproveInherentRisk" name="vendorRegister_SubmissionApproval" time="3.096"/>
  <system-out/>
  <testcase classname="testcases.ApproveInherentRisk" name="vendorRegister_L3Approval" time="4.005"/>
  <system-out/>
  <testcase classname="testcases.ApproveInherentRisk" name="vendorAssessment_SaveAssessmentDetails" time="3.619"/>
  <system-out/>
  <testcase classname="testcases.ApproveInherentRisk" name="vendorAssessment_SubmissionAssessment" time="2.870"/>
  <system-out/>
  <testcase classname="testcases.ApproveInherentRisk" name="vendorAssessment_L3Approval" time="3.453"/>
  <system-out/>
  <testcase classname="testcases.ApproveInherentRisk" name="vendorFindings_AddFindings" time="3.110"/>
  <system-out/>
  <testcase classname="testcases.ApproveInherentRisk" name="vendorFindings_Approval" time="3.120"/>
  <system-out/>
  <testcase classname="testcases.ApproveInherentRisk" name="ApprovalInherentRisk_L3Approval" time="4.676"/>
  <system-out/>
  <testcase classname="testcases.ApproveInherentRisk" name="ApprovalInherentRisk_L3Approval_InvalidEndpoint" time="3.051"/>
  <system-out/>
  <testcase classname="testcases.ApproveInherentRisk" name="ApprovalInherentRisk_L3Approval_InvalidMethod" time="2.731"/>
  <system-out/>
  <testcase classname="testcases.ApproveInherentRisk" name="addControlandMitigation_FindControlwithID" time="5.791"/>
  <system-out/>
  <testcase classname="testcases.ApproveInherentRisk" name="addControlAndMitigation_CreateControl" time="5.800"/>
  <system-out/>
  <testcase classname="testcases.ApproveInherentRisk" name="addControlAndMitigation_CreateControl_InvalidEndpoint" time="3.744"/>
  <system-out/>
  <testcase classname="testcases.ApproveInherentRisk" name="addControlAndMitigation_CreateControl_InvalidMethod" time="2.731"/>
  <system-out/>
  <testcase classname="testcases.ApproveInherentRisk" name="addControlAndMitigation_CreateControlApproval" time="2.311"/>
  <system-out/>
  <testcase classname="testcases.ApproveInherentRisk" name="addControlAndMitigation_CreateControlApproval_InvalidEndpoint" time="3.068"/>
  <system-out/>
  <testcase classname="testcases.ApproveInherentRisk" name="addControlAndMitigation_CreateControlApproval_InvalidMethod" time="2.690"/>
  <system-out/>
  <testcase classname="testcases.ApproveInherentRisk" name="addControlandMitigation_FindControlDetailswithID" time="6.415"/>
  <system-out/>
  <testcase classname="testcases.ApproveInherentRisk" name="addControlandMitigation_FindControlDetailswithID_InvalidEndpoint" time="3.654"/>
  <system-out/>
  <testcase classname="testcases.ApproveInherentRisk" name="addControlandMitigation_FindControlDetailswithID_InvalidMethod" time="2.839"/>
  <system-out/>
  <testcase classname="testcases.ApproveInherentRisk" name="addControlAndMitigation_ModifyControl" time="2.731"/>
  <system-out/>
  <testcase classname="testcases.ApproveInherentRisk" name="addControlAndMitigation_ModifyControl_InvalidEndpoint" time="2.535"/>
  <system-out/>
  <testcase classname="testcases.ApproveInherentRisk" name="addControlAndMitigation_ModifyControl_InvalidMethod" time="2.823"/>
  <system-out/>
  <testcase classname="testcases.ApproveInherentRisk" name="approveResidualRisk_L3Approval" time="4.274"/>
  <system-out/>
  <testcase classname="testcases.ApproveInherentRisk" name="approveResidualRisk_L3Approval_InvalidEndpoint" time="3.562"/>
  <system-out/>
  <testcase classname="testcases.ApproveInherentRisk" name="approveResidualRisk_L3Approval_InvalidMethod" time="2.733"/>
  <system-out/>
  <testcase classname="testcases.ApproveInherentRisk" name="uniqueID_FindAllPreferences" time="3.568"/>
  <system-out/>
  <testcase classname="testcases.ApproveInherentRisk" name="uniqueID_FindAllPreferencesDetails" time="3.251"/>
  <system-out/>
  <testcase classname="testcases.ApproveInherentRisk" name="uniqueID_FindAllPreferencesDetails_InvalidEndpoint" time="3.059"/>
  <system-out/>
  <testcase classname="testcases.ApproveInherentRisk" name="uniqueID_FindAllPreferencesDetails_InvalidMethod" time="2.729"/>
  <system-out/>
  <testcase classname="testcases.ApproveInherentRisk" name="uniqueID_Create" time="3.050"/>
  <system-out/>
  <testcase classname="testcases.ApproveInherentRisk" name="uniqueID_Create_InvalidEndpoint" time="3.092"/>
  <system-out/>
  <testcase classname="testcases.ApproveInherentRisk" name="uniqueID_Create_InvalidMethod" time="2.185"/>
  <system-out/>
</testsuite> <!-- testcases.ApproveInherentRisk -->
