<?xml version="1.0" encoding="UTF-8"?>
<!-- Generated by org.testng.reporters.JUnitReportReporter -->
<testsuite hostname="BCTCL-DL5420143" failures="0" tests="1" name="testcases.Rerun" time="0.006" errors="0" timestamp="2023-02-14T15:54:40 IST" skipped="0">
  <testcase classname="testcases.Rerun" name="alert_getAllThreshold" time="0.006"/>
  <system-out/>
</testsuite> <!-- testcases.Rerun -->
