<?xml version="1.0" encoding="UTF-8"?>
<!-- Generated by org.testng.reporters.JUnitReportReporter -->
<testsuite hostname="BCTCL-DL5420143" failures="0" tests="7" name="testcases.BankStatements" time="30.897" errors="0" timestamp="2022-03-25T07:33:07 IST" skipped="0">
  <testcase classname="testcases.BankStatements" name="listAccountTypes" time="0.311"/>
  <system-out/>
  <testcase classname="testcases.BankStatements" name="reportingcustlistbyname" time="0.344"/>
  <system-out/>
  <testcase classname="testcases.BankStatements" name="downloadreportfile" time="27.935"/>
  <system-out/>
  <testcase classname="testcases.BankStatements" name="extractPDF" time="0.967"/>
  <system-out/>
  <testcase classname="testcases.BankStatements" name="insertStatementinDB" time="0.027"/>
  <system-out/>
  <testcase classname="testcases.BankStatements" name="custinfobyname" time="1.105"/>
  <system-out/>
  <testcase classname="testcases.BankStatements" name="listBanks" time="0.208"/>
  <system-out/>
</testsuite> <!-- testcases.BankStatements -->
