<?xml version="1.0" encoding="UTF-8"?>
<!-- Generated by org.testng.reporters.JUnitReportReporter -->
<testsuite hostname="BCTCL-DL5420143" failures="0" tests="1" name="testcases.Report" time="0.005" errors="0" timestamp="2022-02-10T16:35:26 IST" skipped="0">
  <testcase classname="testcases.Report" name="Registration_data" time="0.005"/>
  <system-out/>
</testsuite> <!-- testcases.Report -->
