<?xml version="1.0" encoding="UTF-8"?>
<!-- Generated by org.testng.reporters.JUnitReportReporter -->
<testsuite hostname="BCTCL-DL5420143" failures="0" tests="4" name="studentApiTest.PostAPITest" time="228.406" errors="0" timestamp="2022-02-09T20:44:23 IST" skipped="0">
  <testcase classname="studentApiTest.PostAPITest" name="getAlertDetails" time="183.816"/>
  <system-out/>
  <testcase classname="studentApiTest.PostAPITest" name="getGroupDetails" time="5.004"/>
  <system-out/>
  <testcase classname="studentApiTest.PostAPITest" name="getAlertConfiguration_Details" time="8.037"/>
  <system-out/>
  <testcase classname="studentApiTest.PostAPITest" name="getAlertStatus" time="31.549"/>
  <system-out/>
</testsuite> <!-- studentApiTest.PostAPITest -->
