<?xml version="1.0" encoding="UTF-8"?>
<!-- Generated by org.testng.reporters.JUnitReportReporter -->
<testsuite hostname="BCTCL-DL5420143" failures="0" tests="21" name="testcases.VendorFindings" time="69.610" errors="0" timestamp="2023-03-09T23:54:22 IST" skipped="0">
  <testcase classname="testcases.VendorFindings" name="vendorRegister_CreateSinglevendor" time="4.105"/>
  <system-out/>
  <testcase classname="testcases.VendorFindings" name="vendorRegister_SubmissionApproval" time="3.063"/>
  <system-out/>
  <testcase classname="testcases.VendorFindings" name="vendorRegister_L3Approval" time="4.009"/>
  <system-out/>
  <testcase classname="testcases.VendorFindings" name="vendorAssessment_SaveAssessmentDetails" time="3.129"/>
  <system-out/>
  <testcase classname="testcases.VendorFindings" name="vendorAssessment_SubmissionAssessment" time="3.021"/>
  <system-out/>
  <testcase classname="testcases.VendorFindings" name="vendorFindings_AddFindings_InvalidMethod" time="2.872"/>
  <system-out/>
  <testcase classname="testcases.VendorFindings" name="vendorFindings_Approval" time="2.990"/>
  <system-out/>
  <testcase classname="testcases.VendorFindings" name="vendorFindings_AddFindings_InvalidEndpoint" time="3.225"/>
  <system-out/>
  <testcase classname="testcases.VendorFindings" name="vendorFindings_ModifyFindingsDetails" time="6.047"/>
  <system-out/>
  <testcase classname="testcases.VendorFindings" name="vendorFindings_ModifyFindingsDetails_InvalidMethod" time="2.882"/>
  <system-out/>
  <testcase classname="testcases.VendorFindings" name="vendorFindings_Approval_InvalidMethod" time="2.915"/>
  <system-out/>
  <testcase classname="testcases.VendorFindings" name="vendorFindings_ModifyFindingsDetails_InvalidEndpoint" time="3.265"/>
  <system-out/>
  <testcase classname="testcases.VendorFindings" name="vendorFindings_AddFindings" time="3.176"/>
  <system-out/>
  <testcase classname="testcases.VendorFindings" name="vendorFindings_Approval_InvalidEndpoint" time="3.206"/>
  <system-out/>
  <testcase classname="testcases.VendorFindings" name="vendorAssessment_L3Approval" time="3.498"/>
  <system-out/>
  <testcase classname="testcases.VendorFindings" name="vendorFindings_FindAssessmentDetailswithID" time="3.015"/>
  <system-out/>
  <testcase classname="testcases.VendorFindings" name="vendorFindings_FindVendorAssessmentIDDetails_InvalidEndpoint" time="3.220"/>
  <system-out/>
  <testcase classname="testcases.VendorFindings" name="vendorFindings_FindAssessmentDetailswithID_InvalidMethod" time="2.877"/>
  <system-out/>
  <testcase classname="testcases.VendorFindings" name="vendorFindings_FindAssessmentDetailswithID_InvalidEndpoint" time="3.222"/>
  <system-out/>
  <testcase classname="testcases.VendorFindings" name="vendorFindings_FindVendorAssessmentIDDetails_InvalidMethod" time="2.863"/>
  <system-out/>
  <testcase classname="testcases.VendorFindings" name="vendorFindings_FindVendorAssessmentIDDetails" time="3.010"/>
  <system-out/>
</testsuite> <!-- testcases.VendorFindings -->
