<?xml version="1.0" encoding="UTF-8"?>
<!-- Generated by org.testng.reporters.JUnitReportReporter -->
<testsuite hostname="BCTCL-DL5420143" failures="0" tests="10" name="testcases.Notifications" time="42.189" errors="0" timestamp="2022-03-29T20:04:04 IST" skipped="0">
  <testcase classname="testcases.Notifications" name="get_NotificationCount" time="3.472"/>
  <system-out/>
  <testcase classname="testcases.Notifications" name="triggerMailNotification" time="6.037"/>
  <system-out/>
  <testcase classname="testcases.Notifications" name="triggerNotification_Userlevel" time="4.119"/>
  <system-out/>
  <testcase classname="testcases.Notifications" name="saveNotification" time="1.911"/>
  <system-out/>
  <testcase classname="testcases.Notifications" name="triggerMailNotification_UserLevel" time="3.929"/>
  <system-out/>
  <testcase classname="testcases.Notifications" name="triggersmsNotification_Userlevel" time="3.697"/>
  <system-out/>
  <testcase classname="testcases.Notifications" name="notification_Preferences" time="2.268"/>
  <system-out/>
  <testcase classname="testcases.Notifications" name="triggersmsNotification" time="5.588"/>
  <system-out/>
  <testcase classname="testcases.Notifications" name="notification_getNotifications" time="4.393"/>
  <system-out/>
  <testcase classname="testcases.Notifications" name="trigger_Notification" time="6.775"/>
  <system-out/>
</testsuite> <!-- testcases.Notifications -->
