<?xml version="1.0" encoding="UTF-8"?>
<!-- Generated by org.testng.reporters.JUnitReportReporter -->
<testsuite hostname="BCTCL-DL5420143" failures="0" tests="4" name="testcases.RegressionTesting" time="13.516" errors="0" timestamp="2022-04-13T12:04:06 IST" skipped="0">
  <testcase classname="testcases.RegressionTesting" name="wsrValidations" time="1.068"/>
  <system-out/>
  <testcase classname="testcases.RegressionTesting" name="oAuthValidations" time="3.865"/>
  <system-out/>
  <testcase classname="testcases.RegressionTesting" name="operations_callListjobs" time="2.998"/>
  <system-out/>
  <testcase classname="testcases.RegressionTesting" name="alerts_DeleteThreshold" time="5.585"/>
  <system-out/>
</testsuite> <!-- testcases.RegressionTesting -->
