<?xml version="1.0" encoding="UTF-8"?>
<!-- Generated by org.testng.reporters.JUnitReportReporter -->
<testsuite hostname="BCTCL-DL5420143" failures="0" tests="35" name="testcases.VendorAssessment" time="114.138" errors="0" timestamp="2023-03-09T22:20:12 IST" skipped="0">
  <testcase classname="testcases.VendorAssessment" name="vendorRegister_CreateSinglevendor" time="3.970"/>
  <system-out/>
  <testcase classname="testcases.VendorAssessment" name="vendorRegister_SubmissionApproval" time="2.854"/>
  <system-out/>
  <testcase classname="testcases.VendorAssessment" name="vendorRegister_L3Approval" time="3.895"/>
  <system-out/>
  <testcase classname="testcases.VendorAssessment" name="vendorAssessment_AssessmentDetailswithVendorID" time="5.658"/>
  <system-out/>
  <testcase classname="testcases.VendorAssessment" name="vendorAssessment_AssessmentDetailswithVendorID_InvalidEndpoint" time="2.968"/>
  <system-out/>
  <testcase classname="testcases.VendorAssessment" name="vendorAssessment_AssessmentDetailswithVendorID_InvalidMethod" time="2.596"/>
  <system-out/>
  <testcase classname="testcases.VendorAssessment" name="vendorAssessment_DepartmentDetails" time="2.928"/>
  <system-out/>
  <testcase classname="testcases.VendorAssessment" name="vendorAssessment_DepartmentDetails_InvalidEndpoint" time="2.962"/>
  <system-out/>
  <testcase classname="testcases.VendorAssessment" name="vendorAssessment_DepartmentDetails_InvalidMethod" time="2.652"/>
  <system-out/>
  <testcase classname="testcases.VendorAssessment" name="vendorAssessment_CreateMeetingScheduler" time="2.995"/>
  <system-out/>
  <testcase classname="testcases.VendorAssessment" name="vendorAssessment_CreateMeetingScheduler_InvalidEndpoint" time="2.657"/>
  <system-out/>
  <testcase classname="testcases.VendorAssessment" name="vendorAssessment_CreateMeetingScheduler_InvalidMethod" time="2.653"/>
  <system-out/>
  <testcase classname="testcases.VendorAssessment" name="vendorAssessment_templateList" time="2.894"/>
  <system-out/>
  <testcase classname="testcases.VendorAssessment" name="vendorAssessment_templateList_InvalidEndpoint" time="3.025"/>
  <system-out/>
  <testcase classname="testcases.VendorAssessment" name="vendorAssessment_templateList_InvalidMethod" time="2.613"/>
  <system-out/>
  <testcase classname="testcases.VendorAssessment" name="vendorAssessment_SaveAssessmentDetails" time="2.830"/>
  <system-out/>
  <testcase classname="testcases.VendorAssessment" name="vendorAssessment_SaveAssessmentDetails_InvalidEndpoint" time="2.958"/>
  <system-out/>
  <testcase classname="testcases.VendorAssessment" name="vendorAssessment_SaveAssessmentDetails_InvalidMethod" time="2.604"/>
  <system-out/>
  <testcase classname="testcases.VendorAssessment" name="vendorAssessment_AssessmentDetailswithID" time="2.776"/>
  <system-out/>
  <testcase classname="testcases.VendorAssessment" name="vendorAssessment_Modify_AssessmentDetails" time="2.969"/>
  <system-out/>
  <testcase classname="testcases.VendorAssessment" name="vendorAssessment_Modify_AssessmentDetails_InvalidEndpoint" time="2.940"/>
  <system-out/>
  <testcase classname="testcases.VendorAssessment" name="vendorAssessment_Modify_AssessmentDetails_InvalidMethod" time="2.577"/>
  <system-out/>
  <testcase classname="testcases.VendorAssessment" name="vendorAssessment_AssessmentwithVendorDetails" time="9.423"/>
  <system-out/>
  <testcase classname="testcases.VendorAssessment" name="vendorAssessment_AssessmentwithVendorDetails_InvalidEndpoint" time="2.913"/>
  <system-out/>
  <testcase classname="testcases.VendorAssessment" name="vendorAssessment_AssessmentwithVendorDetails_InvalidMethod" time="2.578"/>
  <system-out/>
  <testcase classname="testcases.VendorAssessment" name="vendorAssessment_SubmissionAssessment" time="2.744"/>
  <system-out/>
  <testcase classname="testcases.VendorAssessment" name="vendorAssessment_AssessmentApprovalList" time="4.948"/>
  <system-out/>
  <testcase classname="testcases.VendorAssessment" name="vendorAssessment_AssessmentApprovalList_InvalidEndpoint" time="3.007"/>
  <system-out/>
  <testcase classname="testcases.VendorAssessment" name="vendorAssessment_AssessmentApprovalList_InvalidMethod" time="2.573"/>
  <system-out/>
  <testcase classname="testcases.VendorAssessment" name="vendorAssessment_AssessmentApprovalHistory" time="2.639"/>
  <system-out/>
  <testcase classname="testcases.VendorAssessment" name="vendorAssessment_AssessmentApprovalHistory_InvalidEndpoint" time="2.839"/>
  <system-out/>
  <testcase classname="testcases.VendorAssessment" name="vendorAssessment_AssessmentApprovalHistory_InvalidMethod" time="2.676"/>
  <system-out/>
  <testcase classname="testcases.VendorAssessment" name="vendorAssessment_L3Approval" time="3.175"/>
  <system-out/>
  <testcase classname="testcases.VendorAssessment" name="vendorAssessment_L3Approval_InvalidEndpoint" time="4.176"/>
  <system-out/>
  <testcase classname="testcases.VendorAssessment" name="vendorAssessment_L3Approval_InvalidMethod" time="3.473"/>
  <system-out/>
</testsuite> <!-- testcases.VendorAssessment -->
