<?xml version="1.0" encoding="UTF-8"?>
<!-- Generated by org.testng.reporters.JUnitReportReporter -->
<testsuite hostname="BCTCL-DL5420143" failures="0" tests="7" name="testcases.Reports" time="6.406" errors="0" timestamp="2022-03-08T18:38:26 IST" skipped="0">
  <testcase classname="testcases.Reports" name="generateReport" time="0.546"/>
  <system-out/>
  <testcase classname="testcases.Reports" name="usermanagementPreferences" time="0.519"/>
  <system-out/>
  <testcase classname="testcases.Reports" name="alertThreshold" time="1.333"/>
  <system-out/>
  <testcase classname="testcases.Reports" name="alertstaticsReport" time="0.544"/>
  <system-out/>
  <testcase classname="testcases.Reports" name="crmStatusReport" time="0.691"/>
  <system-out/>
  <testcase classname="testcases.Reports" name="alertCloseReport" time="2.217"/>
  <system-out/>
  <testcase classname="testcases.Reports" name="alertPendingReport" time="0.556"/>
  <system-out/>
</testsuite> <!-- testcases.Reports -->
