<?xml version="1.0" encoding="UTF-8"?>
<!-- Generated by org.testng.reporters.JUnitReportReporter -->
<testsuite hostname="BCTCL-DL5420143" failures="0" tests="6" name="testcases.Testing" time="30.838" errors="0" timestamp="2022-07-06T09:19:40 IST" skipped="0">
  <testcase classname="testcases.Testing" name="operations_scheduleall" time="0.215"/>
  <system-out/>
  <testcase classname="testcases.Testing" name="operations_batchstatus" time="0.124"/>
  <system-out/>
  <testcase classname="testcases.Testing" name="operations_TaskslistforJob" time="0.357"/>
  <system-out/>
  <testcase classname="testcases.Testing" name="operations_All_job_Creation_flow" time="25.686"/>
  <system-out/>
  <testcase classname="testcases.Testing" name="operations_listrules" time="0.813"/>
  <system-out/>
  <testcase classname="testcases.Testing" name="operations_callListjobs" time="3.643"/>
  <system-out/>
</testsuite> <!-- testcases.Testing -->
