<?xml version="1.0" encoding="UTF-8"?>
<!-- Generated by org.testng.reporters.JUnitReportReporter -->
<testsuite hostname="BCTCL-DL5420143" failures="0" tests="2" name="testcases.Ews" time="17.413" errors="0" timestamp="2022-02-10T13:39:52 IST" skipped="0">
  <testcase classname="testcases.Ews" name="getGroupDetails" time="6.133"/>
  <system-out/>
  <testcase classname="testcases.Ews" name="getAlertConfiguration_Details" time="11.280"/>
  <system-out/>
</testsuite> <!-- testcases.Ews -->
