<?xml version="1.0" encoding="UTF-8"?>
<!-- Generated by org.testng.reporters.JUnitReportReporter -->
<testsuite hostname="BCTCL-DL5420143" failures="0" tests="3" name="testcases.Authorization" time="3.223" errors="0" timestamp="2023-03-10T09:37:30 IST" skipped="0">
  <testcase classname="testcases.Authorization" name="getOAuthToken_Autorization_InvalidEndpoint" time="2.192"/>
  <system-out/>
  <testcase classname="testcases.Authorization" name="getOAuthToken_UnAutorization" time="0.241"/>
  <system-out/>
  <testcase classname="testcases.Authorization" name="getOAuthToken_Autorization_InvalidMethod" time="0.790"/>
  <system-out/>
</testsuite> <!-- testcases.Authorization -->
