<?xml version="1.0" encoding="UTF-8"?>
<!-- Generated by org.testng.reporters.JUnitReportReporter -->
<testsuite hostname="BCTCL-DL5420143" failures="0" tests="2" name="testcases.Alerts$DataProviderTest" time="0.004" errors="0" timestamp="2022-02-10T15:52:52 IST" skipped="0">
  <testcase classname="testcases.Alerts$DataProviderTest" name="test" time="0.001"/>
  <system-out/>
  <testcase classname="testcases.Alerts$DataProviderTest" name="test" time="0.003"/>
  <system-out/>
</testsuite> <!-- testcases.Alerts$DataProviderTest -->
