<?xml version="1.0" encoding="UTF-8"?>
<!-- Generated by org.testng.reporters.JUnitReportReporter -->
<testsuite hostname="BCTCL-DL5420143" failures="0" tests="1" name="studentApiTest.GetAPITests" time="0.878" errors="0" timestamp="2022-02-09T09:56:42 IST" skipped="0">
  <testcase classname="studentApiTest.GetAPITests" name="getAPITest" time="0.878"/>
  <system-out/>
</testsuite> <!-- studentApiTest.GetAPITests -->
