<?xml version="1.0" encoding="UTF-8"?>
<!-- Generated by org.testng.reporters.JUnitReportReporter -->
<testsuite hostname="BCTCL-DL5420143" failures="0" tests="13" name="testcases.Operation" time="5.825" errors="0" timestamp="2022-05-05T09:18:44 IST" skipped="0">
  <testcase classname="testcases.Operation" name="operations_DeleteScheduleTimejob" time="0.159"/>
  <system-out/>
  <testcase classname="testcases.Operation" name="operations_TaskslistforJob" time="0.157"/>
  <system-out/>
  <testcase classname="testcases.Operation" name="operations_callListjobs" time="0.118"/>
  <system-out/>
  <testcase classname="testcases.Operation" name="operations_batchstatus" time="0.113"/>
  <system-out/>
  <testcase classname="testcases.Operation" name="operations_AddNewRuleforJob" time="2.063"/>
  <system-out/>
  <testcase classname="testcases.Operation" name="operations_taskstatus" time="0.138"/>
  <system-out/>
  <testcase classname="testcases.Operation" name="operations_DeleteJob" time="0.140"/>
  <system-out/>
  <testcase classname="testcases.Operation" name="operations_createScheduleTimejob" time="0.151"/>
  <system-out/>
  <testcase classname="testcases.Operation" name="operations_createjob" time="0.136"/>
  <system-out/>
  <testcase classname="testcases.Operation" name="operations_scheduleall" time="2.178"/>
  <system-out/>
  <testcase classname="testcases.Operation" name="operations_ExecuteBatch" time="0.142"/>
  <system-out/>
  <testcase classname="testcases.Operation" name="operations_UpdateScheduleTimeJob" time="0.192"/>
  <system-out/>
  <testcase classname="testcases.Operation" name="operations_ExecuteScoringjob" time="0.138"/>
  <system-out/>
</testsuite> <!-- testcases.Operation -->
