<?xml version="1.0" encoding="UTF-8"?>
<!-- Generated by org.testng.reporters.JUnitReportReporter -->
<testsuite hostname="BCTCL-DL5420143" failures="0" tests="21" name="testcases.Dashboard" time="61.298" errors="0" timestamp="2023-03-10T10:56:17 IST" skipped="0">
  <testcase classname="testcases.Dashboard" name="dashboard_AssessmentCount" time="5.804"/>
  <system-out/>
  <testcase classname="testcases.Dashboard" name="dashboard_AssessmentCount_InvalidEndpoint" time="2.832"/>
  <system-out/>
  <testcase classname="testcases.Dashboard" name="dashboard_AssessmentCount_InvalidMethod" time="2.165"/>
  <system-out/>
  <testcase classname="testcases.Dashboard" name="dashboard_ResidualRatingCount" time="2.478"/>
  <system-out/>
  <testcase classname="testcases.Dashboard" name="dashboard_ResidualRatingCount_InvalidEndpoint" time="2.376"/>
  <system-out/>
  <testcase classname="testcases.Dashboard" name="dashboard_ResidualRatingCount_InvalidMethod" time="2.413"/>
  <system-out/>
  <testcase classname="testcases.Dashboard" name="dashboard_InherentRiskRatingCount" time="2.326"/>
  <system-out/>
  <testcase classname="testcases.Dashboard" name="dashboard_InherentRiskRatingCount_InvalidEndpoint" time="2.572"/>
  <system-out/>
  <testcase classname="testcases.Dashboard" name="dashboard_InherentRiskRatingCount_InvalidMethod" time="2.144"/>
  <system-out/>
  <testcase classname="testcases.Dashboard" name="dashboard_HeatMapCount" time="3.031"/>
  <system-out/>
  <testcase classname="testcases.Dashboard" name="dashboard_HeatMapCount_InvalidEndpoint" time="2.273"/>
  <system-out/>
  <testcase classname="testcases.Dashboard" name="dashboard_HeatMapCount_InvalidMethod" time="2.249"/>
  <system-out/>
  <testcase classname="testcases.Dashboard" name="dashboard_FindAllCount" time="4.228"/>
  <system-out/>
  <testcase classname="testcases.Dashboard" name="dashboard_FindAllCount_InvalidEndpoint" time="2.382"/>
  <system-out/>
  <testcase classname="testcases.Dashboard" name="dashboard_FindAllCount_InvalidMethod" time="2.284"/>
  <system-out/>
  <testcase classname="testcases.Dashboard" name="dashboard_AssessmentWithVendor" time="7.968"/>
  <system-out/>
  <testcase classname="testcases.Dashboard" name="dashboard_AssessmentWithVendor_InvalidEndpoint" time="2.660"/>
  <system-out/>
  <testcase classname="testcases.Dashboard" name="dashboard_AssessmentWithVendor_InvalidMethod" time="2.195"/>
  <system-out/>
  <testcase classname="testcases.Dashboard" name="dashboard_VendorCount" time="2.402"/>
  <system-out/>
  <testcase classname="testcases.Dashboard" name="dashboard_VendorCount_InvalidEndpoint" time="2.309"/>
  <system-out/>
  <testcase classname="testcases.Dashboard" name="dashboard_VendorCount_InvalidMethod" time="2.207"/>
  <system-out/>
</testsuite> <!-- testcases.Dashboard -->
