<?xml version="1.0" encoding="UTF-8"?>
<!-- Generated by org.testng.reporters.JUnitReportReporter -->
<testsuite hostname="BCTCL-DL5420143" failures="0" tests="30" name="testcases.VendorRegister" time="104.892" errors="0" timestamp="2023-03-09T20:46:59 IST" skipped="0">
  <testcase classname="testcases.VendorRegister" name="vendorRegister_Dropdownvalues" time="5.020"/>
  <system-out/>
  <testcase classname="testcases.VendorRegister" name="vendorRegister_Dropdownvalues_InvalidEndpoint" time="3.803"/>
  <system-out/>
  <testcase classname="testcases.VendorRegister" name="vendorRegister_Dropdownvalues_InvalidMethod" time="3.200"/>
  <system-out/>
  <testcase classname="testcases.VendorRegister" name="vendorRegister_EmployeeAll" time="5.976"/>
  <system-out/>
  <testcase classname="testcases.VendorRegister" name="vendorRegister_EmployeeAll_InvalidEndpoint" time="5.136"/>
  <system-out/>
  <testcase classname="testcases.VendorRegister" name="vendorRegister_EmployeeAll_InvalidMethod" time="2.684"/>
  <system-out/>
  <testcase classname="testcases.VendorRegister" name="vendorRegister_CreateSinglevendor" time="2.929"/>
  <system-out/>
  <testcase classname="testcases.VendorRegister" name="vendorRegister_CreateSinglevendor_InvalidEndpoint" time="3.590"/>
  <system-out/>
  <testcase classname="testcases.VendorRegister" name="vendorRegister_DetailswithVendorID_InvalidMethod" time="2.614"/>
  <system-out/>
  <testcase classname="testcases.VendorRegister" name="vendorRegister_AttachmentDetailswithVendorID" time="5.372"/>
  <system-out/>
  <testcase classname="testcases.VendorRegister" name="vendorRegister_AttachmentDetailswithVendorID_InvalidEndpoint" time="3.457"/>
  <system-out/>
  <testcase classname="testcases.VendorRegister" name="vendorRegister_AttachmentDetailswithVendorID_InvalidMethod" time="3.179"/>
  <system-out/>
  <testcase classname="testcases.VendorRegister" name="vendorRegister_EditSinglevendor" time="3.414"/>
  <system-out/>
  <testcase classname="testcases.VendorRegister" name="vendorRegister_EditSinglevendor_InvalidEndpoint" time="3.436"/>
  <system-out/>
  <testcase classname="testcases.VendorRegister" name="vendorRegister_EditSinglevendor_InvalidMethod" time="3.114"/>
  <system-out/>
  <testcase classname="testcases.VendorRegister" name="vendorRegister_SubmissionApproval" time="3.332"/>
  <system-out/>
  <testcase classname="testcases.VendorRegister" name="vendorRegister_SubmissionApproval_InvalidEndpoint" time="3.544"/>
  <system-out/>
  <testcase classname="testcases.VendorRegister" name="vendorRegister_SubmissionApproval_InvalidMethod" time="3.078"/>
  <system-out/>
  <testcase classname="testcases.VendorRegister" name="vendorRegister_FindAllApproval" time="3.663"/>
  <system-out/>
  <testcase classname="testcases.VendorRegister" name="vendorRegister_FindAllApproval_InvalidEndpoint" time="3.050"/>
  <system-out/>
  <testcase classname="testcases.VendorRegister" name="vendorRegister_FindAllApproval_InvalidMethod" time="3.193"/>
  <system-out/>
  <testcase classname="testcases.VendorRegister" name="vendorRegister_ApprovalHistory" time="2.653"/>
  <system-out/>
  <testcase classname="testcases.VendorRegister" name="vendorRegister_ApprovalHistory_InvalidEndpoint" time="2.948"/>
  <system-out/>
  <testcase classname="testcases.VendorRegister" name="vendorRegister_ApprovalHistory_InvalidMethod" time="2.683"/>
  <system-out/>
  <testcase classname="testcases.VendorRegister" name="vendorRegister_L3Approval" time="4.525"/>
  <system-out/>
  <testcase classname="testcases.VendorRegister" name="vendorRegister_L3Approval_InvalidEndpoint" time="2.980"/>
  <system-out/>
  <testcase classname="testcases.VendorRegister" name="vendorRegister_L3Approval_InvalidMethod" time="2.657"/>
  <system-out/>
  <testcase classname="testcases.VendorRegister" name="vendorRegister_DeActivevendor" time="3.636"/>
  <system-out/>
  <testcase classname="testcases.VendorRegister" name="vendorRegister_DeActivevendor_InvalidEndpoint" time="3.456"/>
  <system-out/>
  <testcase classname="testcases.VendorRegister" name="vendorRegister_DeActivevendor_InvalidMethod" time="2.570"/>
  <system-out/>
</testsuite> <!-- testcases.VendorRegister -->
