<?xml version="1.0" encoding="UTF-8"?>
<!-- Generated by org.testng.reporters.JUnitReportReporter -->
<testsuite hostname="BCTCL-DL5420143" failures="0" tests="4" name="testcases.Ews" time="227.378" errors="0" timestamp="2022-02-09T22:01:08 IST" skipped="0">
  <testcase classname="testcases.Ews" name="getAlertDetails" time="183.262"/>
  <system-out/>
  <testcase classname="testcases.Ews" name="getGroupDetails" time="4.833"/>
  <system-out/>
  <testcase classname="testcases.Ews" name="getAlertConfiguration_Details" time="7.966"/>
  <system-out/>
  <testcase classname="testcases.Ews" name="getAlertStatus" time="31.317"/>
  <system-out/>
</testsuite> <!-- testcases.Ews -->
